<?xml version="1.0" encoding="UTF-8"?>
<!-- Generated by org.testng.reporters.JUnitReportReporter -->
<testsuite hostname="NVUPKOOR-58LUQ" name="Examples.NewTest" tests="1" failures="0" timestamp="21 Jun 2016 17:16:05 GMT" time="99.851" errors="0">
  <testcase name="f" time="99.851" classname="Examples.NewTest"/>
</testsuite> <!-- Examples.NewTest -->
