<?xml version="1.0" encoding="UTF-8"?>
<!-- Generated by org.testng.reporters.JUnitReportReporter -->
<testsuite hostname="NVUPKOOR-58LUQ" name="Eamples.secondTest" tests="1" failures="0" timestamp="21 Jun 2016 17:16:05 GMT" time="0.000" errors="0">
  <testcase name="f" time="0.000" classname="Eamples.secondTest"/>
</testsuite> <!-- Eamples.secondTest -->
